2022-11-17 12:12:21 [main] INFO  c.p.hotelbookingsystem.Application - Starting Application on YI1016601LT with PID 11748 (C:\Users\Divyansh.singh\Documents\workspace-sts4.3\Hotel_Shopping_App_springboot\target\classes started by divyansh.singh in C:\Users\Divyansh.singh\Documents\workspace-sts4.3\Hotel_Shopping_App_springboot)
2022-11-17 12:12:21 [main] INFO  c.p.hotelbookingsystem.Application - No active profile set, falling back to default profiles: default
2022-11-17 12:12:22 [main] INFO  o.s.d.r.c.RepositoryConfigurationDelegate - Bootstrapping Spring Data repositories in DEFAULT mode.
2022-11-17 12:12:22 [main] INFO  o.s.d.r.c.RepositoryConfigurationDelegate - Finished Spring Data repository scanning in 128ms. Found 19 repository interfaces.
2022-11-17 12:12:23 [main] INFO  o.s.c.s.PostProcessorRegistrationDelegate$BeanPostProcessorChecker - Bean 'org.springframework.transaction.annotation.ProxyTransactionManagementConfiguration' of type [org.springframework.transaction.annotation.ProxyTransactionManagementConfiguration$$EnhancerBySpringCGLIB$$80b6f938] is not eligible for getting processed by all BeanPostProcessors (for example: not eligible for auto-proxying)
2022-11-17 12:12:23 [main] INFO  o.s.b.w.e.tomcat.TomcatWebServer - Tomcat initialized with port(s): 8080 (http)
2022-11-17 12:12:23 [main] INFO  o.a.catalina.core.StandardService - Starting service [Tomcat]
2022-11-17 12:12:23 [main] INFO  o.a.catalina.core.StandardEngine - Starting Servlet engine: [Apache Tomcat/9.0.21]
2022-11-17 12:12:23 [main] INFO  o.a.c.c.C.[Tomcat].[localhost].[/] - Initializing Spring embedded WebApplicationContext
2022-11-17 12:12:23 [main] INFO  o.s.web.context.ContextLoader - Root WebApplicationContext: initialization completed in 1629 ms
2022-11-17 12:12:23 [main] INFO  com.zaxxer.hikari.HikariDataSource - HikariPool-1 - Starting...
2022-11-17 12:12:23 [main] INFO  com.zaxxer.hikari.HikariDataSource - HikariPool-1 - Start completed.
2022-11-17 12:12:23 [main] INFO  o.h.jpa.internal.util.LogHelper - HHH000204: Processing PersistenceUnitInfo [
	name: default
	...]
2022-11-17 12:12:24 [main] INFO  org.hibernate.Version - HHH000412: Hibernate Core {5.3.10.Final}
2022-11-17 12:12:24 [main] INFO  org.hibernate.cfg.Environment - HHH000206: hibernate.properties not found
2022-11-17 12:12:24 [main] INFO  o.h.annotations.common.Version - HCANN000001: Hibernate Commons Annotations {5.0.4.Final}
2022-11-17 12:12:24 [main] INFO  org.hibernate.dialect.Dialect - HHH000400: Using dialect: org.hibernate.dialect.MySQL5InnoDBDialect
2022-11-17 12:12:25 [main] INFO  o.s.o.j.LocalContainerEntityManagerFactoryBean - Initialized JPA EntityManagerFactory for persistence unit 'default'
2022-11-17 12:12:25 [main] INFO  o.s.s.c.ThreadPoolTaskExecutor - Initializing ExecutorService 'applicationTaskExecutor'
2022-11-17 12:12:25 [main] WARN  o.s.b.a.o.j.JpaBaseConfiguration$JpaWebConfiguration$JpaWebMvcConfiguration - spring.jpa.open-in-view is enabled by default. Therefore, database queries may be performed during view rendering. Explicitly configure spring.jpa.open-in-view to disable this warning
2022-11-17 12:12:26 [main] INFO  o.s.b.w.e.tomcat.TomcatWebServer - Tomcat started on port(s): 8080 (http) with context path ''
2022-11-17 12:12:26 [main] INFO  c.p.hotelbookingsystem.Application - Started Application in 4.461 seconds (JVM running for 5.306)
2022-11-17 12:12:33 [http-nio-8080-exec-1] INFO  o.a.c.c.C.[Tomcat].[localhost].[/] - Initializing Spring DispatcherServlet 'dispatcherServlet'
2022-11-17 12:12:33 [http-nio-8080-exec-1] INFO  o.s.web.servlet.DispatcherServlet - Initializing Servlet 'dispatcherServlet'
2022-11-17 12:12:33 [http-nio-8080-exec-1] INFO  o.s.web.servlet.DispatcherServlet - Completed initialization in 9 ms
2022-11-17 12:12:33 [http-nio-8080-exec-1] INFO  c.p.h.controller.CenterController - method details: com.project.hotelbookingsystem.controller.CenterController
2022-11-17 12:12:33 [http-nio-8080-exec-1] INFO  o.h.h.i.QueryTranslatorFactoryInitiator - HHH000397: Using ASTQueryTranslatorFactory
2022-11-17 13:59:34 [HikariPool-1 housekeeper] WARN  com.zaxxer.hikari.pool.HikariPool - HikariPool-1 - Thread starvation or clock leap detected (housekeeper delta=1h4m37s491ms663µs100ns).
2022-11-17 14:03:15 [http-nio-8080-exec-4] INFO  c.p.h.controller.CenterController - method details: com.project.hotelbookingsystem.controller.CenterController
2022-11-17 14:03:15 [http-nio-8080-exec-4] WARN  o.h.e.jdbc.spi.SqlExceptionHelper - SQL Error: 1054, SQLState: 42S22
2022-11-17 14:03:15 [http-nio-8080-exec-4] ERROR o.h.e.jdbc.spi.SqlExceptionHelper - Unknown column 'center_first_name' in 'where clause'
2022-11-17 14:03:56 [http-nio-8080-exec-7] INFO  c.p.h.controller.CenterController - method details: com.project.hotelbookingsystem.controller.CenterController
2022-11-17 14:03:56 [http-nio-8080-exec-7] WARN  o.h.e.jdbc.spi.SqlExceptionHelper - SQL Error: 1054, SQLState: 42S22
2022-11-17 14:03:56 [http-nio-8080-exec-7] ERROR o.h.e.jdbc.spi.SqlExceptionHelper - Unknown column 'center_first_name' in 'where clause'
2022-11-17 14:05:30 [http-nio-8080-exec-9] INFO  c.p.h.controller.CenterController - method details: com.project.hotelbookingsystem.controller.CenterController
2022-11-17 14:36:58 [RMI TCP Connection(166)-127.0.0.1] INFO  o.s.b.a.SpringApplicationAdminMXBeanRegistrar$SpringApplicationAdmin - Application shutdown requested.
2022-11-17 14:36:58 [RMI TCP Connection(166)-127.0.0.1] INFO  o.s.s.c.ThreadPoolTaskExecutor - Shutting down ExecutorService 'applicationTaskExecutor'
2022-11-17 14:36:58 [RMI TCP Connection(166)-127.0.0.1] INFO  o.s.o.j.LocalContainerEntityManagerFactoryBean - Closing JPA EntityManagerFactory for persistence unit 'default'
2022-11-17 14:36:58 [RMI TCP Connection(166)-127.0.0.1] INFO  com.zaxxer.hikari.HikariDataSource - HikariPool-1 - Shutdown initiated...
2022-11-17 14:36:58 [RMI TCP Connection(166)-127.0.0.1] INFO  com.zaxxer.hikari.HikariDataSource - HikariPool-1 - Shutdown completed.
2022-11-17 14:45:00 [main] INFO  c.p.hotelbookingsystem.Application - Starting Application on YI1016601LT with PID 26140 (C:\Users\Divyansh.singh\Documents\workspace-sts4.3\Hotel_Shopping_App_springboot\target\classes started by divyansh.singh in C:\Users\Divyansh.singh\Documents\workspace-sts4.3\Hotel_Shopping_App_springboot)
2022-11-17 14:45:00 [main] INFO  c.p.hotelbookingsystem.Application - No active profile set, falling back to default profiles: default
2022-11-17 14:45:01 [main] INFO  o.s.d.r.c.RepositoryConfigurationDelegate - Bootstrapping Spring Data repositories in DEFAULT mode.
2022-11-17 14:45:01 [main] INFO  o.s.d.r.c.RepositoryConfigurationDelegate - Finished Spring Data repository scanning in 159ms. Found 19 repository interfaces.
2022-11-17 14:45:01 [main] INFO  o.s.c.s.PostProcessorRegistrationDelegate$BeanPostProcessorChecker - Bean 'org.springframework.transaction.annotation.ProxyTransactionManagementConfiguration' of type [org.springframework.transaction.annotation.ProxyTransactionManagementConfiguration$$EnhancerBySpringCGLIB$$d1664e8] is not eligible for getting processed by all BeanPostProcessors (for example: not eligible for auto-proxying)
2022-11-17 14:45:01 [main] INFO  o.s.b.w.e.tomcat.TomcatWebServer - Tomcat initialized with port(s): 8080 (http)
2022-11-17 14:45:01 [main] INFO  o.a.catalina.core.StandardService - Starting service [Tomcat]
2022-11-17 14:45:01 [main] INFO  o.a.catalina.core.StandardEngine - Starting Servlet engine: [Apache Tomcat/9.0.21]
2022-11-17 14:45:01 [main] INFO  o.a.c.c.C.[Tomcat].[localhost].[/] - Initializing Spring embedded WebApplicationContext
2022-11-17 14:45:01 [main] INFO  o.s.web.context.ContextLoader - Root WebApplicationContext: initialization completed in 1542 ms
2022-11-17 14:45:01 [main] INFO  com.zaxxer.hikari.HikariDataSource - HikariPool-1 - Starting...
2022-11-17 14:45:02 [main] INFO  com.zaxxer.hikari.HikariDataSource - HikariPool-1 - Start completed.
2022-11-17 14:45:02 [main] INFO  o.h.jpa.internal.util.LogHelper - HHH000204: Processing PersistenceUnitInfo [
	name: default
	...]
2022-11-17 14:45:02 [main] INFO  org.hibernate.Version - HHH000412: Hibernate Core {5.3.10.Final}
2022-11-17 14:45:02 [main] INFO  org.hibernate.cfg.Environment - HHH000206: hibernate.properties not found
2022-11-17 14:45:02 [main] INFO  o.h.annotations.common.Version - HCANN000001: Hibernate Commons Annotations {5.0.4.Final}
2022-11-17 14:45:02 [main] INFO  org.hibernate.dialect.Dialect - HHH000400: Using dialect: org.hibernate.dialect.MySQL5InnoDBDialect
2022-11-17 14:45:03 [main] INFO  o.s.o.j.LocalContainerEntityManagerFactoryBean - Initialized JPA EntityManagerFactory for persistence unit 'default'
2022-11-17 14:45:04 [main] INFO  o.s.s.c.ThreadPoolTaskExecutor - Initializing ExecutorService 'applicationTaskExecutor'
2022-11-17 14:45:04 [main] WARN  o.s.b.a.o.j.JpaBaseConfiguration$JpaWebConfiguration$JpaWebMvcConfiguration - spring.jpa.open-in-view is enabled by default. Therefore, database queries may be performed during view rendering. Explicitly configure spring.jpa.open-in-view to disable this warning
2022-11-17 14:45:04 [main] INFO  o.s.b.w.e.tomcat.TomcatWebServer - Tomcat started on port(s): 8080 (http) with context path ''
2022-11-17 14:45:04 [main] INFO  c.p.hotelbookingsystem.Application - Started Application in 4.316 seconds (JVM running for 5.007)
2022-11-17 14:45:09 [http-nio-8080-exec-1] INFO  o.a.c.c.C.[Tomcat].[localhost].[/] - Initializing Spring DispatcherServlet 'dispatcherServlet'
2022-11-17 14:45:09 [http-nio-8080-exec-1] INFO  o.s.web.servlet.DispatcherServlet - Initializing Servlet 'dispatcherServlet'
2022-11-17 14:45:09 [http-nio-8080-exec-1] INFO  o.s.web.servlet.DispatcherServlet - Completed initialization in 9 ms
2022-11-17 14:45:09 [http-nio-8080-exec-1] INFO  c.p.h.controller.CustomerController - method details: com.project.hotelbookingsystem.controller.CustomerController
2022-11-17 14:45:09 [http-nio-8080-exec-1] INFO  o.h.h.i.QueryTranslatorFactoryInitiator - HHH000397: Using ASTQueryTranslatorFactory
2022-11-17 14:53:37 [RMI TCP Connection(20)-127.0.0.1] INFO  o.s.b.a.SpringApplicationAdminMXBeanRegistrar$SpringApplicationAdmin - Application shutdown requested.
2022-11-17 14:53:37 [RMI TCP Connection(20)-127.0.0.1] INFO  o.s.s.c.ThreadPoolTaskExecutor - Shutting down ExecutorService 'applicationTaskExecutor'
2022-11-17 14:53:37 [RMI TCP Connection(20)-127.0.0.1] INFO  o.s.o.j.LocalContainerEntityManagerFactoryBean - Closing JPA EntityManagerFactory for persistence unit 'default'
2022-11-17 14:53:37 [RMI TCP Connection(20)-127.0.0.1] INFO  com.zaxxer.hikari.HikariDataSource - HikariPool-1 - Shutdown initiated...
2022-11-17 14:53:37 [RMI TCP Connection(20)-127.0.0.1] INFO  com.zaxxer.hikari.HikariDataSource - HikariPool-1 - Shutdown completed.
2022-11-17 14:53:48 [main] INFO  c.p.hotelbookingsystem.Application - Starting Application on YI1016601LT with PID 24492 (C:\Users\Divyansh.singh\Documents\workspace-sts4.3\Hotel_Shopping_App_springboot\target\classes started by divyansh.singh in C:\Users\Divyansh.singh\Documents\workspace-sts4.3\Hotel_Shopping_App_springboot)
2022-11-17 14:53:48 [main] INFO  c.p.hotelbookingsystem.Application - No active profile set, falling back to default profiles: default
2022-11-17 14:53:49 [main] INFO  o.s.d.r.c.RepositoryConfigurationDelegate - Bootstrapping Spring Data repositories in DEFAULT mode.
2022-11-17 14:53:49 [main] INFO  o.s.d.r.c.RepositoryConfigurationDelegate - Finished Spring Data repository scanning in 167ms. Found 19 repository interfaces.
2022-11-17 14:53:49 [main] INFO  o.s.c.s.PostProcessorRegistrationDelegate$BeanPostProcessorChecker - Bean 'org.springframework.transaction.annotation.ProxyTransactionManagementConfiguration' of type [org.springframework.transaction.annotation.ProxyTransactionManagementConfiguration$$EnhancerBySpringCGLIB$$1e803926] is not eligible for getting processed by all BeanPostProcessors (for example: not eligible for auto-proxying)
2022-11-17 14:53:49 [main] INFO  o.s.b.w.e.tomcat.TomcatWebServer - Tomcat initialized with port(s): 8080 (http)
2022-11-17 14:53:49 [main] INFO  o.a.catalina.core.StandardService - Starting service [Tomcat]
2022-11-17 14:53:49 [main] INFO  o.a.catalina.core.StandardEngine - Starting Servlet engine: [Apache Tomcat/9.0.21]
2022-11-17 14:53:49 [main] INFO  o.a.c.c.C.[Tomcat].[localhost].[/] - Initializing Spring embedded WebApplicationContext
2022-11-17 14:53:49 [main] INFO  o.s.web.context.ContextLoader - Root WebApplicationContext: initialization completed in 1393 ms
2022-11-17 14:53:50 [main] INFO  com.zaxxer.hikari.HikariDataSource - HikariPool-1 - Starting...
2022-11-17 14:53:50 [main] INFO  com.zaxxer.hikari.HikariDataSource - HikariPool-1 - Start completed.
2022-11-17 14:53:50 [main] INFO  o.h.jpa.internal.util.LogHelper - HHH000204: Processing PersistenceUnitInfo [
	name: default
	...]
2022-11-17 14:53:50 [main] INFO  org.hibernate.Version - HHH000412: Hibernate Core {5.3.10.Final}
2022-11-17 14:53:50 [main] INFO  org.hibernate.cfg.Environment - HHH000206: hibernate.properties not found
2022-11-17 14:53:50 [main] INFO  o.h.annotations.common.Version - HCANN000001: Hibernate Commons Annotations {5.0.4.Final}
2022-11-17 14:53:50 [main] INFO  org.hibernate.dialect.Dialect - HHH000400: Using dialect: org.hibernate.dialect.MySQL5InnoDBDialect
2022-11-17 14:53:51 [main] INFO  o.s.o.j.LocalContainerEntityManagerFactoryBean - Initialized JPA EntityManagerFactory for persistence unit 'default'
2022-11-17 14:53:52 [main] INFO  o.s.s.c.ThreadPoolTaskExecutor - Initializing ExecutorService 'applicationTaskExecutor'
2022-11-17 14:53:52 [main] WARN  o.s.b.a.o.j.JpaBaseConfiguration$JpaWebConfiguration$JpaWebMvcConfiguration - spring.jpa.open-in-view is enabled by default. Therefore, database queries may be performed during view rendering. Explicitly configure spring.jpa.open-in-view to disable this warning
2022-11-17 14:53:52 [main] INFO  o.s.b.w.e.tomcat.TomcatWebServer - Tomcat started on port(s): 8080 (http) with context path ''
2022-11-17 14:53:52 [main] INFO  c.p.hotelbookingsystem.Application - Started Application in 4.023 seconds (JVM running for 4.789)
2022-11-17 14:59:32 [RMI TCP Connection(14)-127.0.0.1] INFO  o.s.b.a.SpringApplicationAdminMXBeanRegistrar$SpringApplicationAdmin - Application shutdown requested.
2022-11-17 14:59:32 [RMI TCP Connection(14)-127.0.0.1] INFO  o.s.s.c.ThreadPoolTaskExecutor - Shutting down ExecutorService 'applicationTaskExecutor'
2022-11-17 14:59:32 [RMI TCP Connection(14)-127.0.0.1] INFO  o.s.o.j.LocalContainerEntityManagerFactoryBean - Closing JPA EntityManagerFactory for persistence unit 'default'
2022-11-17 14:59:32 [RMI TCP Connection(14)-127.0.0.1] INFO  com.zaxxer.hikari.HikariDataSource - HikariPool-1 - Shutdown initiated...
2022-11-17 14:59:32 [RMI TCP Connection(14)-127.0.0.1] INFO  com.zaxxer.hikari.HikariDataSource - HikariPool-1 - Shutdown completed.
2022-11-17 14:59:42 [main] INFO  c.p.hotelbookingsystem.Application - Starting Application on YI1016601LT with PID 16108 (C:\Users\Divyansh.singh\Documents\workspace-sts4.3\Hotel_Shopping_App_springboot\target\classes started by divyansh.singh in C:\Users\Divyansh.singh\Documents\workspace-sts4.3\Hotel_Shopping_App_springboot)
2022-11-17 14:59:42 [main] INFO  c.p.hotelbookingsystem.Application - No active profile set, falling back to default profiles: default
2022-11-17 14:59:43 [main] INFO  o.s.d.r.c.RepositoryConfigurationDelegate - Bootstrapping Spring Data repositories in DEFAULT mode.
2022-11-17 14:59:43 [main] INFO  o.s.d.r.c.RepositoryConfigurationDelegate - Finished Spring Data repository scanning in 204ms. Found 19 repository interfaces.
2022-11-17 14:59:43 [main] INFO  o.s.c.s.PostProcessorRegistrationDelegate$BeanPostProcessorChecker - Bean 'org.springframework.transaction.annotation.ProxyTransactionManagementConfiguration' of type [org.springframework.transaction.annotation.ProxyTransactionManagementConfiguration$$EnhancerBySpringCGLIB$$98a3377c] is not eligible for getting processed by all BeanPostProcessors (for example: not eligible for auto-proxying)
2022-11-17 14:59:44 [main] INFO  o.s.b.w.e.tomcat.TomcatWebServer - Tomcat initialized with port(s): 8080 (http)
2022-11-17 14:59:44 [main] INFO  o.a.catalina.core.StandardService - Starting service [Tomcat]
2022-11-17 14:59:44 [main] INFO  o.a.catalina.core.StandardEngine - Starting Servlet engine: [Apache Tomcat/9.0.21]
2022-11-17 14:59:44 [main] INFO  o.a.c.c.C.[Tomcat].[localhost].[/] - Initializing Spring embedded WebApplicationContext
2022-11-17 14:59:44 [main] INFO  o.s.web.context.ContextLoader - Root WebApplicationContext: initialization completed in 2007 ms
2022-11-17 14:59:44 [main] INFO  com.zaxxer.hikari.HikariDataSource - HikariPool-1 - Starting...
2022-11-17 14:59:44 [main] INFO  com.zaxxer.hikari.HikariDataSource - HikariPool-1 - Start completed.
2022-11-17 14:59:44 [main] INFO  o.h.jpa.internal.util.LogHelper - HHH000204: Processing PersistenceUnitInfo [
	name: default
	...]
2022-11-17 14:59:45 [main] INFO  org.hibernate.Version - HHH000412: Hibernate Core {5.3.10.Final}
2022-11-17 14:59:45 [main] INFO  org.hibernate.cfg.Environment - HHH000206: hibernate.properties not found
2022-11-17 14:59:45 [main] INFO  o.h.annotations.common.Version - HCANN000001: Hibernate Commons Annotations {5.0.4.Final}
2022-11-17 14:59:45 [main] INFO  org.hibernate.dialect.Dialect - HHH000400: Using dialect: org.hibernate.dialect.MySQL5InnoDBDialect
2022-11-17 14:59:46 [main] INFO  o.s.o.j.LocalContainerEntityManagerFactoryBean - Initialized JPA EntityManagerFactory for persistence unit 'default'
2022-11-17 14:59:46 [main] INFO  o.s.s.c.ThreadPoolTaskExecutor - Initializing ExecutorService 'applicationTaskExecutor'
2022-11-17 14:59:46 [main] WARN  o.s.b.a.o.j.JpaBaseConfiguration$JpaWebConfiguration$JpaWebMvcConfiguration - spring.jpa.open-in-view is enabled by default. Therefore, database queries may be performed during view rendering. Explicitly configure spring.jpa.open-in-view to disable this warning
2022-11-17 14:59:47 [main] INFO  o.s.b.w.e.tomcat.TomcatWebServer - Tomcat started on port(s): 8080 (http) with context path ''
2022-11-17 14:59:47 [main] INFO  c.p.hotelbookingsystem.Application - Started Application in 5.093 seconds (JVM running for 6.027)
2022-11-17 15:27:19 [http-nio-8080-exec-1] INFO  o.a.c.c.C.[Tomcat].[localhost].[/] - Initializing Spring DispatcherServlet 'dispatcherServlet'
2022-11-17 15:27:19 [http-nio-8080-exec-1] INFO  o.s.web.servlet.DispatcherServlet - Initializing Servlet 'dispatcherServlet'
2022-11-17 15:27:19 [http-nio-8080-exec-1] INFO  o.s.web.servlet.DispatcherServlet - Completed initialization in 100 ms
2022-11-17 15:27:19 [http-nio-8080-exec-1] INFO  c.p.h.controller.CustomerController - method details: com.project.hotelbookingsystem.controller.CustomerController
2022-11-17 15:27:20 [http-nio-8080-exec-1] INFO  o.h.h.i.QueryTranslatorFactoryInitiator - HHH000397: Using ASTQueryTranslatorFactory
2022-11-17 15:27:52 [http-nio-8080-exec-3] INFO  c.p.h.controller.CustomerController - method details: com.project.hotelbookingsystem.controller.CustomerController
2022-11-17 15:27:58 [http-nio-8080-exec-4] INFO  c.p.h.controller.CustomerController - method details: com.project.hotelbookingsystem.controller.CustomerController
2022-11-17 15:29:21 [http-nio-8080-exec-6] INFO  c.p.h.controller.CustomerController - method details: com.project.hotelbookingsystem.controller.CustomerController
2022-11-17 15:29:25 [http-nio-8080-exec-8] INFO  c.p.h.controller.CustomerController - method details: com.project.hotelbookingsystem.controller.CustomerController
2022-11-17 15:29:51 [http-nio-8080-exec-9] INFO  c.p.h.controller.CustomerController - method details: com.project.hotelbookingsystem.controller.CustomerController
2022-11-17 15:30:02 [http-nio-8080-exec-10] INFO  c.p.h.controller.CustomerController - method details: com.project.hotelbookingsystem.controller.CustomerController
2022-11-17 17:23:14 [HikariPool-1 housekeeper] WARN  com.zaxxer.hikari.pool.HikariPool - HikariPool-1 - Thread starvation or clock leap detected (housekeeper delta=30m28s65ms295µs100ns).
2022-11-17 19:40:10 [HikariPool-1 housekeeper] WARN  com.zaxxer.hikari.pool.HikariPool - HikariPool-1 - Thread starvation or clock leap detected (housekeeper delta=1h43m55s134ms501µs400ns).
